<?xml version="1.0" encoding="UTF-8"?>
<testng-results ignored="0" total="1" passed="0" failed="1" skipped="0">
  <reporter-output>
  </reporter-output>
  <suite started-at="2023-10-23T13:48:43 IST" name="Suite" finished-at="2023-10-23T13:49:03 IST" duration-ms="19678">
    <groups>
      <group name="cucumber">
        <method signature="AbstractTestNGCucumberTests.runScenario(io.cucumber.testng.PickleWrapper,io.cucumber.testng.FeatureWrapper)[pri:0, instance:com.runners.NewsRunnerTest@792b749c]" name="runScenario" class="io.cucumber.testng.AbstractTestNGCucumberTests"/>
      </group> <!-- cucumber -->
    </groups>
    <test started-at="2023-10-23T13:48:43 IST" name="Test" finished-at="2023-10-23T13:49:03 IST" duration-ms="19678">
      <class name="com.runners.NewsRunnerTest">
        <test-method is-config="true" signature="setUpClass(org.testng.ITestContext)[pri:0, instance:com.runners.NewsRunnerTest@792b749c]" started-at="2023-10-23T13:48:43 IST" name="setUpClass" finished-at="2023-10-23T13:48:44 IST" duration-ms="965" status="PASS">
          <params>
            <param index="0">
              <value>
                <![CDATA[org.testng.TestRunner@53e93fb7]]>
              </value>
            </param>
          </params>
          <reporter-output>
          </reporter-output>
        </test-method> <!-- setUpClass -->
        <test-method signature="runScenario(io.cucumber.testng.PickleWrapper,io.cucumber.testng.FeatureWrapper)[pri:0, instance:com.runners.NewsRunnerTest@792b749c]" started-at="2023-10-23T13:48:44 IST" name="runScenario" description="Runs Cucumber Scenarios" data-provider="scenarios" finished-at="2023-10-23T13:49:02 IST" duration-ms="17878" status="FAIL">
          <params>
            <param index="0">
              <value>
                <![CDATA["First News Artical is valid."]]>
              </value>
            </param>
            <param index="1">
              <value>
                <![CDATA["The Guardian News validation scenarios."]]>
              </value>
            </param>
          </params>
          <exception class="java.lang.AssertionError">
            <message>
              <![CDATA[expected [true] but found [false]]]>
            </message>
            <full-stacktrace>
              <![CDATA[java.lang.AssertionError: expected [true] but found [false]
at org.testng.Assert.fail(Assert.java:111)
at org.testng.Assert.failNotEquals(Assert.java:1578)
at org.testng.Assert.assertTrue(Assert.java:57)
at org.testng.Assert.assertTrue(Assert.java:67)
at com.steps.NewsSteps.two_or_more_articles_should_be_displayed(NewsSteps.java:41)
at âœ½.Two or more articles should be displayed.(file:///C:/Users/Shelendra%20Kumar/Desktop/TrainingFramework/Theguardian-Automation/src/test/resources/FeatureFiles/NewsValidation.feature:12)
]]>
            </full-stacktrace>
          </exception> <!-- java.lang.AssertionError -->
          <reporter-output>
          </reporter-output>
        </test-method> <!-- runScenario -->
        <test-method is-config="true" signature="tearDownClass()[pri:0, instance:com.runners.NewsRunnerTest@792b749c]" started-at="2023-10-23T13:49:02 IST" name="tearDownClass" finished-at="2023-10-23T13:49:03 IST" duration-ms="752" status="PASS">
          <reporter-output>
          </reporter-output>
        </test-method> <!-- tearDownClass -->
      </class> <!-- com.runners.NewsRunnerTest -->
    </test> <!-- Test -->
  </suite> <!-- Suite -->
</testng-results>
